{"numFailedTestSuites":1,"numFailedTests":1,"numPassedTestSuites":0,"numPassedTests":13,"numPendingTestSuites":0,"numPendingTests":0,"numRuntimeErrorTestSuites":0,"numTodoTests":0,"numTotalTestSuites":1,"numTotalTests":14,"openHandles":[],"snapshot":{"added":0,"didUpdate":false,"failure":false,"filesAdded":0,"filesRemoved":0,"filesRemovedList":[],"filesUnmatched":0,"filesUpdated":0,"matched":0,"total":0,"unchecked":0,"uncheckedKeysByFile":[],"unmatched":0,"updated":0},"startTime":1784194031764,"success":false,"testResults":[{"assertionResults":[{"ancestorTitles":["Functional coverage"],"duration":69,"failureDetails":[],"failureMessages":[],"fullName":"Functional coverage adds a valid expense and returns ok:true","invocations":1,"location":null,"numPassingAsserts":3,"retryReasons":[],"status":"passed","title":"adds a valid expense and returns ok:true"},{"ancestorTitles":["Functional coverage"],"duration":34,"failureDetails":[],"failureMessages":[],"fullName":"Functional coverage renders an added expense into the DOM list","invocations":1,"location":null,"numPassingAsserts":3,"retryReasons":[],"status":"passed","title":"renders an added expense into the DOM list"},{"ancestorTitles":["Functional coverage"],"duration":17,"failureDetails":[],"failureMessages":[],"fullName":"Functional coverage persists expenses to localStorage","invocations":1,"location":null,"numPassingAsserts":2,"retryReasons":[],"status":"passed","title":"persists expenses to localStorage"},{"ancestorTitles":["Functional coverage"],"duration":36,"failureDetails":[],"failureMessages":[],"fullName":"Functional coverage updateSummary computes total, count, and top category correctly","invocations":1,"location":null,"numPassingAsserts":3,"retryReasons":[],"status":"passed","title":"updateSummary computes total, count, and top category correctly"},{"ancestorTitles":["Functional coverage"],"duration":22,"failureDetails":[],"failureMessages":[],"fullName":"Functional coverage deleteExpense removes the correct entry and re-renders","invocations":1,"location":null,"numPassingAsserts":2,"retryReasons":[],"status":"passed","title":"deleteExpense removes the correct entry and re-renders"},{"ancestorTitles":["Edge cases"],"duration":21,"failureDetails":[],"failureMessages":[],"fullName":"Edge cases rejects an empty title","invocations":1,"location":null,"numPassingAsserts":2,"retryReasons":[],"status":"passed","title":"rejects an empty title"},{"ancestorTitles":["Edge cases"],"duration":16,"failureDetails":[],"failureMessages":[],"fullName":"Edge cases rejects a zero amount","invocations":1,"location":null,"numPassingAsserts":1,"retryReasons":[],"status":"passed","title":"rejects a zero amount"},{"ancestorTitles":["Edge cases"],"duration":22,"failureDetails":[],"failureMessages":[],"fullName":"Edge cases rejects a negative amount","invocations":1,"location":null,"numPassingAsserts":1,"retryReasons":[],"status":"passed","title":"rejects a negative amount"},{"ancestorTitles":["Edge cases"],"duration":11,"failureDetails":[],"failureMessages":[],"fullName":"Edge cases top category stays \"-\" when there are no expenses","invocations":1,"location":null,"numPassingAsserts":1,"retryReasons":[],"status":"passed","title":"top category stays \"-\" when there are no expenses"},{"ancestorTitles":["Edge cases"],"duration":15,"failureDetails":[{"matcherResult":{"actual":"Transport","expected":"Food","message":"expect(received).toBe(expected) // Object.is equality\n\nExpected: \"Food\"\nReceived: \"Transport\"","name":"toBe","pass":false}}],"failureMessages":["Error: expect(received).toBe(expected) // Object.is equality\n\nExpected: \"Food\"\nReceived: \"Transport\"\n    at Object.toBe (/home/claude/pakexpense/tests/script.test.js:105:64)\n    at Promise.then.completed (/home/claude/pakexpense/node_modules/jest-circus/build/utils.js:298:28)\n    at new Promise (<anonymous>)\n    at callAsyncCircusFn (/home/claude/pakexpense/node_modules/jest-circus/build/utils.js:231:10)\n    at _callCircusTest (/home/claude/pakexpense/node_modules/jest-circus/build/run.js:316:40)\n    at _runTest (/home/claude/pakexpense/node_modules/jest-circus/build/run.js:252:3)\n    at _runTestsForDescribeBlock (/home/claude/pakexpense/node_modules/jest-circus/build/run.js:126:9)\n    at _runTestsForDescribeBlock (/home/claude/pakexpense/node_modules/jest-circus/build/run.js:121:9)\n    at run (/home/claude/pakexpense/node_modules/jest-circus/build/run.js:71:3)\n    at runAndTransformResultsToJestFormat (/home/claude/pakexpense/node_modules/jest-circus/build/legacy-code-todo-rewrite/jestAdapterInit.js:122:21)\n    at jestAdapter (/home/claude/pakexpense/node_modules/jest-circus/build/legacy-code-todo-rewrite/jestAdapter.js:79:19)\n    at runTestInternal (/home/claude/pakexpense/node_modules/jest-runner/build/runTest.js:367:16)\n    at runTest (/home/claude/pakexpense/node_modules/jest-runner/build/runTest.js:444:34)"],"fullName":"Edge cases ties on category totals keep the first category seen","invocations":1,"location":null,"numPassingAsserts":0,"retryReasons":[],"status":"failed","title":"ties on category totals keep the first category seen"},{"ancestorTitles":["Edge cases"],"duration":15,"failureDetails":[],"failureMessages":[],"fullName":"Edge cases escapeHtml neutralizes a title containing markup","invocations":1,"location":null,"numPassingAsserts":2,"retryReasons":[],"status":"passed","title":"escapeHtml neutralizes a title containing markup"},{"ancestorTitles":["Error handling"],"duration":20,"failureDetails":[],"failureMessages":[],"fullName":"Error handling amount left as non-numeric text is rejected instead of becoming NaN","invocations":1,"location":null,"numPassingAsserts":2,"retryReasons":[],"status":"passed","title":"amount left as non-numeric text is rejected instead of becoming NaN"},{"ancestorTitles":["Error handling"],"duration":23,"failureDetails":[],"failureMessages":[],"fullName":"Error handling delete buttons keep working after the list has been filtered once","invocations":1,"location":null,"numPassingAsserts":2,"retryReasons":[],"status":"passed","title":"delete buttons keep working after the list has been filtered once"},{"ancestorTitles":["Error handling"],"duration":26,"failureDetails":[],"failureMessages":[],"fullName":"Error handling corrupted localStorage data does not crash the app on load","invocations":1,"location":null,"numPassingAsserts":1,"retryReasons":[],"status":"passed","title":"corrupted localStorage data does not crash the app on load"}],"endTime":1784194032800,"message":"  ● Edge cases › ties on category totals keep the first category seen\n\n    expect(received).toBe(expected) // Object.is equality\n\n    Expected: \"Food\"\n    Received: \"Transport\"\n\n      103 |     // inserted first (Food) wins a tie — this documents that behaviour\n      104 |     // rather than asserting an arbitrary \"correct\" winner.\n    > 105 |     expect(document.getElementById('topCategory').textContent).toBe('Food');\n          |                                                                ^\n      106 |   });\n      107 |\n      108 |   test('escapeHtml neutralizes a title containing markup', () => {\n\n      at Object.toBe (tests/script.test.js:105:64)\n","name":"/home/claude/pakexpense/tests/script.test.js","startTime":1784194032162,"status":"failed","summary":""}],"wasInterrupted":false}
